Using pre-set license
Built from '2020.3/staging' branch; Version is '2020.3.4f1 (0abb6314276a) revision 703331'; Using compiler version '192528614'; Build Type 'Release'
OS: 'Windows 10 Pro; OS build 19042.985; Version 2009; 64bit' Language: 'en' Physical Memory: 24531 MB
BatchMode: 1, IsHumanControllingUs: 0, StartBugReporterOnCrash: 0, Is64bit: 1, IsPro: 0

 COMMAND LINE ARGUMENTS:
E:\Program Files\Unity\2020.3.4f1\Editor\Unity.exe
-adb2
-batchMode
-noUpm
-name
AssetImportWorker1
-projectPath
E:/TP Work/Year 3/Semester 1/MXRT/Assignment 2/MXRT_Assignment_2/P02_1902032J_Amirul_MXRT_Assignment_2
-logFile
Logs/AssetImportWorker1.log
-srvPort
50006
Successfully changed project path to: E:/TP Work/Year 3/Semester 1/MXRT/Assignment 2/MXRT_Assignment_2/P02_1902032J_Amirul_MXRT_Assignment_2
E:/TP Work/Year 3/Semester 1/MXRT/Assignment 2/MXRT_Assignment_2/P02_1902032J_Amirul_MXRT_Assignment_2
Using Asset Import Pipeline V2.
Refreshing native plugins compatible for Editor in 29.57 ms, found 0 plugins.
Preloading 0 native plugins for Editor in 0.00 ms.
Initialize engine version: 2020.3.4f1 (0abb6314276a)
[Subsystems] Discovering subsystems at path E:/Program Files/Unity/2020.3.4f1/Editor/Data/Resources/UnitySubsystems
[Subsystems] Discovering subsystems at path E:/TP Work/Year 3/Semester 1/MXRT/Assignment 2/MXRT_Assignment_2/P02_1902032J_Amirul_MXRT_Assignment_2/Assets
GfxDevice: creating device client; threaded=0
Direct3D:
    Version:  Direct3D 11.0 [level 11.1]
    Renderer: NVIDIA GeForce GTX 1070 Ti (ID=0x1b82)
    Vendor:   
    VRAM:     8079 MB
    Driver:   27.21.14.6589
Initialize mono
Mono path[0] = 'E:/Program Files/Unity/2020.3.4f1/Editor/Data/Managed'
Mono path[1] = 'E:/Program Files/Unity/2020.3.4f1/Editor/Data/MonoBleedingEdge/lib/mono/unityjit'
Mono config path = 'E:/Program Files/Unity/2020.3.4f1/Editor/Data/MonoBleedingEdge/etc'
Using monoOptions --debugger-agent=transport=dt_socket,embedding=1,server=y,suspend=n,address=127.0.0.1:56876
Begin MonoManager ReloadAssembly
Registering precompiled unity dll's ...
Register platform support module: E:/Program Files/Unity/2020.3.4f1/Editor/Data/PlaybackEngines/WindowsStandaloneSupport/UnityEditor.WindowsStandalone.Extensions.dll
Registered in 0.001188 seconds.
Native extension for WindowsStandalone target not found
Refreshing native plugins compatible for Editor in 31.53 ms, found 0 plugins.
Preloading 0 native plugins for Editor in 0.00 ms.
Mono: successfully reloaded assembly
- Completed reload, in  1.678 seconds
Platform modules already initialized, skipping
Registering precompiled user dll's ...
Registered in 0.000535 seconds.
Begin MonoManager ReloadAssembly
Native extension for WindowsStandalone target not found
Refreshing native plugins compatible for Editor in 28.81 ms, found 0 plugins.
Preloading 0 native plugins for Editor in 0.00 ms.
Mono: successfully reloaded assembly
- Completed reload, in  0.878 seconds
Platform modules already initialized, skipping
========================================================================
Worker process is ready to serve import requests
Launched and connected shader compiler UnityShaderCompiler.exe after 0.04 seconds
Refreshing native plugins compatible for Editor in 0.29 ms, found 0 plugins.
Preloading 0 native plugins for Editor in 0.00 ms.
Unloading 1490 Unused Serialized files (Serialized files now loaded: 0)
System memory in use before: 69.2 MB.
System memory in use after: 69.3 MB.

Unloading 11 unused Assets to reduce memory usage. Loaded Objects now: 1934.
Total: 1.945300 ms (FindLiveObjects: 0.171300 ms CreateObjectMapping: 0.067700 ms MarkObjects: 1.629800 ms  DeleteObjects: 0.075300 ms)

========================================================================
Received Import Request.
  path: Assets/StreamingAssets
  artifactKey: Guid(3b5dd5171c67271498c7c1f10e0c7108) Importer(815301076,1909f56bfc062723c751e8b465ee728b)
Start importing Assets/StreamingAssets using Guid(3b5dd5171c67271498c7c1f10e0c7108) Importer(815301076,1909f56bfc062723c751e8b465ee728b)  -> (artifact id: 'd4856762abaaa821e8081e88674573d3') in 0.008088 seconds
  Import took 0.237894 seconds .

========================================================================
Received Import Request.
  Time since last request: 14.140022 seconds.
  path: Assets/Scenes/Main_Menu.unity
  artifactKey: Guid(7a88fe655da1c55428e694d703e2e7de) Importer(815301076,1909f56bfc062723c751e8b465ee728b)
Start importing Assets/Scenes/Main_Menu.unity using Guid(7a88fe655da1c55428e694d703e2e7de) Importer(815301076,1909f56bfc062723c751e8b465ee728b)  -> (artifact id: 'f7ef5520d14dffd5ae3636b8b23233c6') in 0.016326 seconds
  Import took 0.018742 seconds .

========================================================================
Received Prepare
Registering precompiled user dll's ...
Registered in 0.000626 seconds.
Begin MonoManager ReloadAssembly
Native extension for WindowsStandalone target not found
Refreshing native plugins compatible for Editor in 0.29 ms, found 0 plugins.
Preloading 0 native plugins for Editor in 0.00 ms.
Mono: successfully reloaded assembly
- Completed reload, in  0.778 seconds
Platform modules already initialized, skipping
Switching build target platform(5) subTarget(0) extendedPlatform(0) -> platform(13) subTarget(524288) extendedPlatform(0)
Refreshing native plugins compatible for Editor in 0.28 ms, found 0 plugins.
Preloading 0 native plugins for Editor in 0.00 ms.
Unloading 1483 Unused Serialized files (Serialized files now loaded: 0)
System memory in use before: 68.8 MB.
System memory in use after: 68.9 MB.

Unloading 6 unused Assets to reduce memory usage. Loaded Objects now: 1938.
Total: 1.932200 ms (FindLiveObjects: 0.140100 ms CreateObjectMapping: 0.048700 ms MarkObjects: 1.661600 ms  DeleteObjects: 0.080800 ms)

AssetImportParameters requested are different than current active one (requested -> active):
  custom:graphics/normal-map-encoding: 01000000000000000000000000000000 -> 02000000000000000000000000000000
========================================================================
Received Prepare
Refreshing native plugins compatible for Editor in 0.72 ms, found 0 plugins.
Preloading 0 native plugins for Editor in 0.00 ms.
Unloading 3 Unused Serialized files (Serialized files now loaded: 0)
System memory in use before: 38.8 MB.
System memory in use after: 38.9 MB.

Unloading 3 unused Assets to reduce memory usage. Loaded Objects now: 1938.
Total: 1.712300 ms (FindLiveObjects: 0.165600 ms CreateObjectMapping: 0.065800 ms MarkObjects: 1.424400 ms  DeleteObjects: 0.055500 ms)

========================================================================
Received Import Request.
  Time since last request: 371.319100 seconds.
  path: Assets/Scenes/Gameplay_Scene.unity
  artifactKey: Guid(9fc0d4010bbf28b4594072e72b8655ab) Importer(815301076,1909f56bfc062723c751e8b465ee728b)
Start importing Assets/Scenes/Gameplay_Scene.unity using Guid(9fc0d4010bbf28b4594072e72b8655ab) Importer(815301076,1909f56bfc062723c751e8b465ee728b)  -> (artifact id: '79fb7b84d75b17ca86cd2b0c3bdc9dca') in 0.014334 seconds
  Import took 0.029312 seconds .

========================================================================
Received Prepare
Registering precompiled user dll's ...
Registered in 0.000667 seconds.
Begin MonoManager ReloadAssembly
Native extension for WindowsStandalone target not found
Refreshing native plugins compatible for Editor in 0.29 ms, found 0 plugins.
Preloading 0 native plugins for Editor in 0.00 ms.
Mono: successfully reloaded assembly
- Completed reload, in  0.857 seconds
Platform modules already initialized, skipping
Switching build target platform(5) subTarget(0) extendedPlatform(0) -> platform(13) subTarget(524288) extendedPlatform(0)
Refreshing native plugins compatible for Editor in 0.32 ms, found 0 plugins.
Preloading 0 native plugins for Editor in 0.00 ms.
Unloading 1483 Unused Serialized files (Serialized files now loaded: 0)
System memory in use before: 68.9 MB.
System memory in use after: 68.9 MB.

Unloading 6 unused Assets to reduce memory usage. Loaded Objects now: 1942.
Total: 1.795500 ms (FindLiveObjects: 0.143100 ms CreateObjectMapping: 0.046000 ms MarkObjects: 1.529100 ms  DeleteObjects: 0.076300 ms)

AssetImportParameters requested are different than current active one (requested -> active):
  custom:graphics/normal-map-encoding: 01000000000000000000000000000000 -> 02000000000000000000000000000000
